
                            < M A T L A B (R) >
                  Copyright 1984-2013 The MathWorks, Inc.
                    R2013a (8.1.0.604) 64-bit (glnxa64)
                             February 15, 2013

 
To get started, type one of these: helpwin, helpdesk, or demo.
For product information, visit www.mathworks.com.
 
Trying to read in geotiff file using geotiffread...failed!
It's likely that this version of MATLAB does not have geotiffread (see explanation below...)


ME = 

  MException with properties:

    identifier: 'MATLAB:UndefinedFunction'
       message: [1x68 char]
         cause: {}
         stack: [1x1 struct]



Trying alternative read in; requires geoRLarge.mat...
    found geoRLarge.mat
    reading geoRLarge.mat
    reading TIFF image using imread...Success!

Attempting reinitialization...
	35 steps in 688.02 seconds from 0 to 0.1
	35 steps in 683.2 seconds from 0.1 to 0.2
	35 steps in 679.24 seconds from 0.2 to 0.3
	35 steps in 678.78 seconds from 0.3 to 0.4
	35 steps in 676.62 seconds from 0.4 to 0.5
	35 steps in 675.75 seconds from 0.5 to 0.6
	35 steps in 678.49 seconds from 0.6 to 0.7
	35 steps in 677.69 seconds from 0.7 to 0.8
	35 steps in 680.38 seconds from 0.8 to 0.9
	35 steps in 678.7 seconds from 0.9 to 1

Total execution time 6797.12 seconds
Reinitialization complete.
Starting level set evolution(s) by RoC...
--parametrizing runs...
--total number of runs is 02
--beginning curvature evolution 01 of 02;
----tMax=2.300, bVal=0.040...
	473 steps in 2266.5 seconds from 0 to 0.23
	473 steps in 2252.85 seconds from 0.23 to 0.46
	473 steps in 2255.37 seconds from 0.46 to 0.69
	473 steps in 2255 seconds from 0.69 to 0.92
	473 steps in 2265.44 seconds from 0.92 to 1.15
	473 steps in 2449.58 seconds from 1.15 to 1.38
	473 steps in 2450.09 seconds from 1.38 to 1.61
	473 steps in 2447.28 seconds from 1.61 to 1.84
	473 steps in 2445.86 seconds from 1.84 to 2.07
	473 steps in 2444.27 seconds from 2.07 to 2.3
Total execution time 23532.4 seconds
---Complete!
--Saving result...success!
--beginning curvature evolution 02 of 02;
----tMax=1.500, bVal=0.040...
	308 steps in 1467.62 seconds from 0 to 0.15
	308 steps in 1464.18 seconds from 0.15 to 0.3
	308 steps in 1460.92 seconds from 0.3 to 0.45
	308 steps in 1462.19 seconds from 0.45 to 0.6
	308 steps in 1462.58 seconds from 0.6 to 0.75
	308 steps in 1583.67 seconds from 0.75 to 0.9
	308 steps in 1589.19 seconds from 0.9 to 1.05
	308 steps in 1588.68 seconds from 1.05 to 1.2
	308 steps in 1588.32 seconds from 1.2 to 1.35
	308 steps in 1584.86 seconds from 1.35 to 1.5
Total execution time 15252.4 seconds
---Complete!
--Saving result...success!
Level set evolutions complete.


exiting script...
