
                            < M A T L A B (R) >
                  Copyright 1984-2013 The MathWorks, Inc.
                    R2013a (8.1.0.604) 64-bit (glnxa64)
                             February 15, 2013

 
To get started, type one of these: helpwin, helpdesk, or demo.
For product information, visit www.mathworks.com.
 
Trying to read in geotiff file using geotiffread...failed!
It's likely that this version of MATLAB does not have geotiffread (see explanation below...)


ME = 

  MException with properties:

    identifier: 'MATLAB:UndefinedFunction'
       message: [1x68 char]
         cause: {}
         stack: [1x1 struct]



Trying alternative read in; requires geoRLarge.mat...
    found geoRLarge.mat
    reading geoRLarge.mat
    reading TIFF image using imread...Success!

Attempting reinitialization...
	35 steps in 687.21 seconds from 0 to 0.1
	35 steps in 684.36 seconds from 0.1 to 0.2
	35 steps in 679.17 seconds from 0.2 to 0.3
	35 steps in 676.07 seconds from 0.3 to 0.4
	35 steps in 672.75 seconds from 0.4 to 0.5
	35 steps in 673.05 seconds from 0.5 to 0.6
	35 steps in 673.82 seconds from 0.6 to 0.7
	35 steps in 671.25 seconds from 0.7 to 0.8
	35 steps in 671.79 seconds from 0.8 to 0.9
	35 steps in 671.55 seconds from 0.9 to 1

Total execution time 6761.27 seconds
Reinitialization complete.
Starting level set evolution(s) by RoC...
--parametrizing runs...
--total number of runs is 01
--beginning curvature evolution 01 of 01;
----tMax=4.000, bVal=0.040...
	822 steps in 3886.32 seconds from 0 to 0.4
	822 steps in 3874.26 seconds from 0.4 to 0.8
	822 steps in 3880.32 seconds from 0.8 to 1.2
	822 steps in 3871.81 seconds from 1.2 to 1.6
	822 steps in 3870.91 seconds from 1.6 to 2
	822 steps in 4187.59 seconds from 2 to 2.4
	822 steps in 4177.39 seconds from 2.4 to 2.8
	822 steps in 4172.23 seconds from 2.8 to 3.2
	822 steps in 4184.49 seconds from 3.2 to 3.6
	822 steps in 4171.85 seconds from 3.6 to 4
Total execution time 40277.3 seconds
---Complete!
--Saving result...success!
Level set evolutions complete.


exiting script...
